<?xml version="1.0" encoding="UTF-8"?>
<testsuite xmlns:xsi="http://www.w3.org/2001/XMLSchema-instance" xsi:noNamespaceSchemaLocation="https://maven.apache.org/surefire/maven-surefire-plugin/xsd/surefire-test-report.xsd" name="com.zyl.hi.AppTest" time="0.017" tests="1" errors="0" skipped="0" failures="0">
  <properties>
    <property name="sun.desktop" value="windows"/>
    <property name="awt.toolkit" value="sun.awt.windows.WToolkit"/>
    <property name="file.encoding.pkg" value="sun.io"/>
    <property name="java.specification.version" value="1.8"/>
    <property name="sun.cpu.isalist" value="pentium_pro+mmx pentium_pro pentium+mmx pentium i486 i386 i86"/>
    <property name="sun.jnu.encoding" value="GBK"/>
    <property name="java.class.path" value="D:\workspace\hibernate_demo02\target\test-classes;D:\workspace\hibernate_demo02\target\classes;D:\environment\repository\junit\junit\4.11\junit-4.11.jar;D:\environment\repository\org\hamcrest\hamcrest-core\1.3\hamcrest-core-1.3.jar;D:\environment\repository\org\hibernate\hibernate-core\3.6.0.Final\hibernate-core-3.6.0.Final.jar;D:\environment\repository\antlr\antlr\2.7.6\antlr-2.7.6.jar;D:\environment\repository\commons-collections\commons-collections\3.1\commons-collections-3.1.jar;D:\environment\repository\dom4j\dom4j\1.6.1\dom4j-1.6.1.jar;D:\environment\repository\org\hibernate\hibernate-commons-annotations\3.2.0.Final\hibernate-commons-annotations-3.2.0.Final.jar;D:\environment\repository\org\hibernate\javax\persistence\hibernate-jpa-2.0-api\1.0.0.Final\hibernate-jpa-2.0-api-1.0.0.Final.jar;D:\environment\repository\javax\transaction\jta\1.1\jta-1.1.jar;D:\environment\repository\org\slf4j\slf4j-api\1.6.1\slf4j-api-1.6.1.jar;D:\environment\repository\log4j\log4j\1.2.16\log4j-1.2.16.jar;D:\environment\repository\org\slf4j\slf4j-nop\1.6.4\slf4j-nop-1.6.4.jar;D:\environment\repository\javassist\javassist\3.12.0.GA\javassist-3.12.0.GA.jar;D:\environment\repository\mysql\mysql-connector-java\5.1.6\mysql-connector-java-5.1.6.jar;"/>
    <property name="java.vm.vendor" value="Oracle Corporation"/>
    <property name="sun.arch.data.model" value="32"/>
    <property name="user.variant" value=""/>
    <property name="java.vendor.url" value="http://java.oracle.com/"/>
    <property name="user.timezone" value="Asia/Shanghai"/>
    <property name="java.vm.specification.version" value="1.8"/>
    <property name="os.name" value="Windows 10"/>
    <property name="user.country" value="CN"/>
    <property name="sun.java.launcher" value="SUN_STANDARD"/>
    <property name="sun.boot.library.path" value="C:\Program Files (x86)\Java\jdk1.8.0_251\jre\bin"/>
    <property name="sun.java.command" value="C:\Users\btr\AppData\Local\Temp\surefire2408809283361144346\surefirebooter6622134273993533349.jar C:\Users\btr\AppData\Local\Temp\surefire2408809283361144346 2020-09-25T17-31-06_027-jvmRun1 surefire1540135353614377831tmp surefire_09104404764090188886tmp"/>
    <property name="surefire.test.class.path" value="D:\workspace\hibernate_demo02\target\test-classes;D:\workspace\hibernate_demo02\target\classes;D:\environment\repository\junit\junit\4.11\junit-4.11.jar;D:\environment\repository\org\hamcrest\hamcrest-core\1.3\hamcrest-core-1.3.jar;D:\environment\repository\org\hibernate\hibernate-core\3.6.0.Final\hibernate-core-3.6.0.Final.jar;D:\environment\repository\antlr\antlr\2.7.6\antlr-2.7.6.jar;D:\environment\repository\commons-collections\commons-collections\3.1\commons-collections-3.1.jar;D:\environment\repository\dom4j\dom4j\1.6.1\dom4j-1.6.1.jar;D:\environment\repository\org\hibernate\hibernate-commons-annotations\3.2.0.Final\hibernate-commons-annotations-3.2.0.Final.jar;D:\environment\repository\org\hibernate\javax\persistence\hibernate-jpa-2.0-api\1.0.0.Final\hibernate-jpa-2.0-api-1.0.0.Final.jar;D:\environment\repository\javax\transaction\jta\1.1\jta-1.1.jar;D:\environment\repository\org\slf4j\slf4j-api\1.6.1\slf4j-api-1.6.1.jar;D:\environment\repository\log4j\log4j\1.2.16\log4j-1.2.16.jar;D:\environment\repository\org\slf4j\slf4j-nop\1.6.4\slf4j-nop-1.6.4.jar;D:\environment\repository\javassist\javassist\3.12.0.GA\javassist-3.12.0.GA.jar;D:\environment\repository\mysql\mysql-connector-java\5.1.6\mysql-connector-java-5.1.6.jar;"/>
    <property name="sun.cpu.endian" value="little"/>
    <property name="user.home" value="C:\Users\btr"/>
    <property name="user.language" value="zh"/>
    <property name="java.specification.vendor" value="Oracle Corporation"/>
    <property name="java.home" value="C:\Program Files (x86)\Java\jdk1.8.0_251\jre"/>
    <property name="basedir" value="D:\workspace\hibernate_demo02"/>
    <property name="file.separator" value="\"/>
    <property name="line.separator" value="&#10;"/>
    <property name="java.vm.specification.vendor" value="Oracle Corporation"/>
    <property name="java.specification.name" value="Java Platform API Specification"/>
    <property name="java.awt.graphicsenv" value="sun.awt.Win32GraphicsEnvironment"/>
    <property name="surefire.real.class.path" value="C:\Users\btr\AppData\Local\Temp\surefire2408809283361144346\surefirebooter6622134273993533349.jar"/>
    <property name="sun.boot.class.path" value="C:\Program Files (x86)\Java\jdk1.8.0_251\jre\lib\resources.jar;C:\Program Files (x86)\Java\jdk1.8.0_251\jre\lib\rt.jar;C:\Program Files (x86)\Java\jdk1.8.0_251\jre\lib\sunrsasign.jar;C:\Program Files (x86)\Java\jdk1.8.0_251\jre\lib\jsse.jar;C:\Program Files (x86)\Java\jdk1.8.0_251\jre\lib\jce.jar;C:\Program Files (x86)\Java\jdk1.8.0_251\jre\lib\charsets.jar;C:\Program Files (x86)\Java\jdk1.8.0_251\jre\lib\jfr.jar;C:\Program Files (x86)\Java\jdk1.8.0_251\jre\classes"/>
    <property name="user.script" value=""/>
    <property name="sun.management.compiler" value="HotSpot Client Compiler"/>
    <property name="java.runtime.version" value="1.8.0_251-b08"/>
    <property name="user.name" value="btr"/>
    <property name="path.separator" value=";"/>
    <property name="os.version" value="10.0"/>
    <property name="java.endorsed.dirs" value="C:\Program Files (x86)\Java\jdk1.8.0_251\jre\lib\endorsed"/>
    <property name="java.runtime.name" value="Java(TM) SE Runtime Environment"/>
    <property name="file.encoding" value="GBK"/>
    <property name="java.vm.name" value="Java HotSpot(TM) Client VM"/>
    <property name="localRepository" value="D:\environment\repository"/>
    <property name="java.vendor.url.bug" value="http://bugreport.sun.com/bugreport/"/>
    <property name="java.io.tmpdir" value="C:\Users\btr\AppData\Local\Temp\"/>
    <property name="idea.version" value="2018.3.6"/>
    <property name="java.version" value="1.8.0_251"/>
    <property name="user.dir" value="D:\workspace\hibernate_demo02"/>
    <property name="os.arch" value="x86"/>
    <property name="java.vm.specification.name" value="Java Virtual Machine Specification"/>
    <property name="java.awt.printerjob" value="sun.awt.windows.WPrinterJob"/>
    <property name="sun.os.patch.level" value=""/>
    <property name="java.library.path" value="C:\Program Files (x86)\Java\jdk1.8.0_251\jre\bin;C:\Windows\Sun\Java\bin;C:\Windows\system32;C:\Windows;C:\Program Files (x86)\Common Files\Oracle\Java\javapath;C:\Windows\system32;C:\Windows;C:\Windows\System32\Wbem;C:\Windows\System32\WindowsPowerShell\v1.0\;C:\Program Files\Git\cmd;C:\Program Files (x86)\Java\jdk1.8.0_251\bin;C:\Program Files (x86)\Java\jdk1.8.0_251\jre\bin;D:\maven\apache-maven-3.6.0\bin\;D:\Program Files\nodejs\;D:\mysql\mysql8\bin;C:\Users\btr\anaconda3\Scripts;C:\Users\btr\AppData\Local\Microsoft\WindowsApps;C:\Users\btr\AppData\Roaming\npm;D:\tool\fiddler;."/>
    <property name="java.vm.info" value="mixed mode"/>
    <property name="java.vendor" value="Oracle Corporation"/>
    <property name="java.vm.version" value="25.251-b08"/>
    <property name="java.ext.dirs" value="C:\Program Files (x86)\Java\jdk1.8.0_251\jre\lib\ext;C:\Windows\Sun\Java\lib\ext"/>
    <property name="sun.io.unicode.encoding" value="UnicodeLittle"/>
    <property name="java.class.version" value="52.0"/>
  </properties>
  <testcase name="shouldAnswerWithTrue" classname="com.zyl.hi.AppTest" time="0.001"/>
</testsuite>